<?xml version="1.0" encoding="UTF-8"?>
<!-- Generated by org.testng.reporters.JUnitReportReporter -->
<testsuite skipped="0" hostname="DESKTOP-ADGCHK6" name="com.ebanking.master.BranchNg" tests="1" failures="0" timestamp="2023-09-04T19:09:59 IST" time="8.767" errors="0">
  <testcase name="Br" time="8.767" classname="com.ebanking.master.BranchNg"/>
  <system-out/>
</testsuite> <!-- com.ebanking.master.BranchNg -->
