<?xml version="1.0" encoding="UTF-8"?>
<!-- Generated by org.testng.reporters.JUnitReportReporter -->
<testsuite skipped="0" hostname="DESKTOP-ADGCHK6" name="com.ebanking.scripts.SampleNG" tests="2" failures="0" timestamp="2023-08-28T19:28:24 IST" time="33.736" errors="0">
  <testcase name="bcd" time="20.068" classname="com.ebanking.scripts.SampleNG"/>
  <system-out/>
  <testcase name="abc" time="13.668" classname="com.ebanking.scripts.SampleNG"/>
  <system-out/>
</testsuite> <!-- com.ebanking.scripts.SampleNG -->
