<?xml version="1.0" encoding="UTF-8"?>
<!-- Generated by org.testng.reporters.JUnitReportReporter -->
<testsuite skipped="0" hostname="DESKTOP-ADGCHK6" name="com.ebanking.master.Sgrid" tests="2" failures="0" timestamp="2023-09-15T19:10:09 IST" time="55.176" errors="0">
  <testcase name="Gd" time="26.106" classname="com.ebanking.master.Sgrid"/>
  <system-out/>
  <testcase name="Gd" time="29.070" classname="com.ebanking.master.Sgrid"/>
  <system-out/>
</testsuite> <!-- com.ebanking.master.Sgrid -->
