<?xml version="1.0" encoding="UTF-8"?>
<!-- Generated by org.testng.reporters.JUnitReportReporter -->
<testsuite skipped="0" hostname="DESKTOP-ADGCHK6" name="com.ebanking.master.Exepom" tests="3" failures="0" timestamp="2023-09-06T19:18:09 IST" time="58.948" errors="0">
  <testcase name="Rolcreation" time="19.882" classname="com.ebanking.master.Exepom"/>
  <system-out/>
  <testcase name="Rolcreation" time="19.366" classname="com.ebanking.master.Exepom"/>
  <system-out/>
  <testcase name="Rolcreation" time="19.700" classname="com.ebanking.master.Exepom"/>
  <system-out/>
</testsuite> <!-- com.ebanking.master.Exepom -->
