<?xml version="1.0" encoding="UTF-8"?>
<!-- Generated by org.testng.reporters.JUnitReportReporter -->
<testsuite skipped="0" hostname="DESKTOP-ADGCHK6" name="com.ebanking.master.RoleNG" tests="3" failures="0" timestamp="2023-09-04T19:09:59 IST" time="41.061" errors="0">
  <testcase name="Rol" time="13.584" classname="com.ebanking.master.RoleNG"/>
  <system-out/>
  <testcase name="Rol" time="13.615" classname="com.ebanking.master.RoleNG"/>
  <system-out/>
  <testcase name="Rol" time="13.862" classname="com.ebanking.master.RoleNG"/>
  <system-out/>
</testsuite> <!-- com.ebanking.master.RoleNG -->
